mode: set
github.com/zhulik/go_torrent_bot/delete_handler.go:26.101,28.2 1 0
github.com/zhulik/go_torrent_bot/delete_handler.go:30.51,32.2 1 0
github.com/zhulik/go_torrent_bot/delete_handler.go:34.116,37.16 2 0
github.com/zhulik/go_torrent_bot/delete_handler.go:42.2,42.20 1 0
github.com/zhulik/go_torrent_bot/delete_handler.go:48.2,49.18 2 0
github.com/zhulik/go_torrent_bot/delete_handler.go:37.16,40.3 2 0
github.com/zhulik/go_torrent_bot/delete_handler.go:42.20,47.3 4 0
github.com/zhulik/go_torrent_bot/delete_handler.go:53.139,54.30 1 0
github.com/zhulik/go_torrent_bot/delete_handler.go:59.2,61.22 2 0
github.com/zhulik/go_torrent_bot/delete_handler.go:82.2,85.44 4 0
github.com/zhulik/go_torrent_bot/delete_handler.go:54.30,57.3 2 0
github.com/zhulik/go_torrent_bot/delete_handler.go:62.2,64.13 2 0
github.com/zhulik/go_torrent_bot/delete_handler.go:70.3,73.19 4 0
github.com/zhulik/go_torrent_bot/delete_handler.go:74.2,79.19 5 0
github.com/zhulik/go_torrent_bot/delete_handler.go:64.13,66.18 2 0
github.com/zhulik/go_torrent_bot/delete_handler.go:66.18,68.5 1 0
github.com/zhulik/go_torrent_bot/delete_handler.go:88.141,89.57 1 0
github.com/zhulik/go_torrent_bot/delete_handler.go:94.2,94.24 1 0
github.com/zhulik/go_torrent_bot/delete_handler.go:109.2,109.18 1 0
github.com/zhulik/go_torrent_bot/delete_handler.go:89.57,92.3 2 0
github.com/zhulik/go_torrent_bot/delete_handler.go:95.2,96.36 1 0
github.com/zhulik/go_torrent_bot/delete_handler.go:100.3,100.51 1 0
github.com/zhulik/go_torrent_bot/delete_handler.go:101.2,103.40 2 0
github.com/zhulik/go_torrent_bot/delete_handler.go:106.3,106.57 1 0
github.com/zhulik/go_torrent_bot/delete_handler.go:96.36,98.4 1 0
github.com/zhulik/go_torrent_bot/delete_handler.go:103.40,105.4 1 0
github.com/zhulik/go_torrent_bot/main.go:15.37,16.36 1 0
github.com/zhulik/go_torrent_bot/main.go:16.36,17.63 1 0
github.com/zhulik/go_torrent_bot/main.go:21.13,35.16 11 0
github.com/zhulik/go_torrent_bot/main.go:39.2,40.61 1 0
github.com/zhulik/go_torrent_bot/main.go:46.2,47.16 2 0
github.com/zhulik/go_torrent_bot/main.go:50.2,55.16 4 0
github.com/zhulik/go_torrent_bot/main.go:58.2,63.31 5 0
github.com/zhulik/go_torrent_bot/main.go:74.2,74.11 1 0
github.com/zhulik/go_torrent_bot/main.go:35.16,36.13 1 0
github.com/zhulik/go_torrent_bot/main.go:40.61,43.4 2 0
github.com/zhulik/go_torrent_bot/main.go:47.16,48.13 1 0
github.com/zhulik/go_torrent_bot/main.go:55.16,56.13 1 0
github.com/zhulik/go_torrent_bot/main.go:63.31,69.17 6 0
github.com/zhulik/go_torrent_bot/main.go:69.17,70.14 1 0
github.com/zhulik/go_torrent_bot/status_handler.go:16.122,18.2 1 1
github.com/zhulik/go_torrent_bot/status_handler.go:20.99,21.59 1 1
github.com/zhulik/go_torrent_bot/status_handler.go:26.2,26.43 1 1
github.com/zhulik/go_torrent_bot/status_handler.go:31.2,31.35 1 0
github.com/zhulik/go_torrent_bot/status_handler.go:35.2,37.16 2 0
github.com/zhulik/go_torrent_bot/status_handler.go:44.2,44.20 1 0
github.com/zhulik/go_torrent_bot/status_handler.go:49.2,50.12 2 0
github.com/zhulik/go_torrent_bot/status_handler.go:21.59,24.3 2 1
github.com/zhulik/go_torrent_bot/status_handler.go:26.43,29.3 2 1
github.com/zhulik/go_torrent_bot/status_handler.go:31.35,33.3 1 0
github.com/zhulik/go_torrent_bot/status_handler.go:37.16,38.49 1 0
github.com/zhulik/go_torrent_bot/status_handler.go:41.3,41.13 1 0
github.com/zhulik/go_torrent_bot/status_handler.go:38.49,40.4 1 0
github.com/zhulik/go_torrent_bot/status_handler.go:44.20,47.3 2 0
github.com/zhulik/go_torrent_bot/status_handler.go:53.53,55.2 1 1
github.com/zhulik/go_torrent_bot/tools.go:17.43,20.16 2 0
github.com/zhulik/go_torrent_bot/tools.go:23.2,25.32 2 0
github.com/zhulik/go_torrent_bot/tools.go:29.2,29.38 1 0
github.com/zhulik/go_torrent_bot/tools.go:20.16,22.3 1 0
github.com/zhulik/go_torrent_bot/tools.go:25.32,27.3 1 0
github.com/zhulik/go_torrent_bot/tools.go:32.66,33.33 1 0
github.com/zhulik/go_torrent_bot/tools.go:38.2,38.11 1 0
github.com/zhulik/go_torrent_bot/tools.go:33.33,34.39 1 0
github.com/zhulik/go_torrent_bot/tools.go:34.39,36.4 1 0
github.com/zhulik/go_torrent_bot/tools.go:41.73,51.2 1 0
github.com/zhulik/go_torrent_bot/tools.go:53.51,60.2 1 0
github.com/zhulik/go_torrent_bot/tools.go:62.51,64.2 1 0
github.com/zhulik/go_torrent_bot/tools.go:66.70,69.17 3 0
github.com/zhulik/go_torrent_bot/tools.go:72.2,72.12 1 0
github.com/zhulik/go_torrent_bot/tools.go:69.17,71.3 1 0
github.com/zhulik/go_torrent_bot/tools.go:75.48,76.25 1 0
github.com/zhulik/go_torrent_bot/tools.go:79.2,80.21 2 0
github.com/zhulik/go_torrent_bot/tools.go:83.2,83.11 1 0
github.com/zhulik/go_torrent_bot/tools.go:76.25,78.3 1 0
github.com/zhulik/go_torrent_bot/tools.go:80.21,82.3 1 0
github.com/zhulik/go_torrent_bot/tools.go:86.101,88.19 2 0
github.com/zhulik/go_torrent_bot/tools.go:94.2,94.46 1 0
github.com/zhulik/go_torrent_bot/tools.go:88.19,89.59 1 0
github.com/zhulik/go_torrent_bot/tools.go:92.3,92.18 1 0
github.com/zhulik/go_torrent_bot/tools.go:89.59,91.4 1 0
github.com/zhulik/go_torrent_bot/torrent_responder.go:34.142,37.2 2 0
github.com/zhulik/go_torrent_bot/torrent_responder.go:39.109,43.16 3 0
github.com/zhulik/go_torrent_bot/torrent_responder.go:47.2,48.16 2 0
github.com/zhulik/go_torrent_bot/torrent_responder.go:52.2,53.16 2 0
github.com/zhulik/go_torrent_bot/torrent_responder.go:57.2,61.12 5 0
github.com/zhulik/go_torrent_bot/torrent_responder.go:43.16,45.3 1 0
github.com/zhulik/go_torrent_bot/torrent_responder.go:48.16,50.3 1 0
github.com/zhulik/go_torrent_bot/torrent_responder.go:53.16,55.3 1 0
github.com/zhulik/go_torrent_bot/torrent_responder.go:64.108,69.16 3 0
github.com/zhulik/go_torrent_bot/torrent_responder.go:73.2,80.12 7 0
github.com/zhulik/go_torrent_bot/torrent_responder.go:69.16,71.3 1 0
github.com/zhulik/go_torrent_bot/torrent_responder.go:83.100,84.57 1 0
github.com/zhulik/go_torrent_bot/torrent_responder.go:89.2,89.97 1 0
github.com/zhulik/go_torrent_bot/torrent_responder.go:93.2,93.40 1 0
github.com/zhulik/go_torrent_bot/torrent_responder.go:97.2,97.12 1 0
github.com/zhulik/go_torrent_bot/torrent_responder.go:84.57,87.3 2 0
github.com/zhulik/go_torrent_bot/torrent_responder.go:89.97,91.3 1 0
github.com/zhulik/go_torrent_bot/torrent_responder.go:93.40,95.3 1 0
github.com/zhulik/go_torrent_bot/torrent_responder.go:100.144,101.57 1 0
github.com/zhulik/go_torrent_bot/torrent_responder.go:105.2,105.24 1 0
github.com/zhulik/go_torrent_bot/torrent_responder.go:101.57,104.3 2 0
github.com/zhulik/go_torrent_bot/torrent_responder.go:106.2,107.74 1 0
github.com/zhulik/go_torrent_bot/torrent_responder.go:113.3,115.19 2 0
github.com/zhulik/go_torrent_bot/torrent_responder.go:116.2,117.23 1 0
github.com/zhulik/go_torrent_bot/torrent_responder.go:139.2,140.45 1 0
github.com/zhulik/go_torrent_bot/torrent_responder.go:107.74,112.4 4 0
github.com/zhulik/go_torrent_bot/torrent_responder.go:118.3,120.18 2 0
github.com/zhulik/go_torrent_bot/torrent_responder.go:124.4,126.76 2 0
github.com/zhulik/go_torrent_bot/torrent_responder.go:127.3,132.20 5 0
github.com/zhulik/go_torrent_bot/torrent_responder.go:133.3,137.46 4 0
github.com/zhulik/go_torrent_bot/torrent_responder.go:120.18,123.5 2 0
github.com/zhulik/go_torrent_bot/torrent_responder.go:144.54,146.2 1 0
github.com/zhulik/go_torrent_bot/torrent_responder.go:148.101,151.31 2 0
github.com/zhulik/go_torrent_bot/torrent_responder.go:155.2,155.55 1 0
github.com/zhulik/go_torrent_bot/torrent_responder.go:151.31,153.3 1 0
github.com/zhulik/go_torrent_bot/torrent_responder.go:158.73,164.12 5 0
github.com/zhulik/go_torrent_bot/torrent_responder.go:173.2,173.12 1 0
github.com/zhulik/go_torrent_bot/torrent_responder.go:164.12,165.52 1 0
github.com/zhulik/go_torrent_bot/torrent_responder.go:168.3,170.16 3 0
github.com/zhulik/go_torrent_bot/torrent_responder.go:165.52,167.4 1 0
github.com/zhulik/go_torrent_bot/torrent_responder.go:176.105,178.16 2 0
github.com/zhulik/go_torrent_bot/torrent_responder.go:181.2,182.16 2 0
github.com/zhulik/go_torrent_bot/torrent_responder.go:186.2,186.28 1 0
github.com/zhulik/go_torrent_bot/torrent_responder.go:178.16,180.3 1 0
github.com/zhulik/go_torrent_bot/torrent_responder.go:182.16,184.3 1 0
github.com/zhulik/go_torrent_bot/torrent_responder.go:189.99,191.16 2 0
github.com/zhulik/go_torrent_bot/torrent_responder.go:195.2,195.28 1 0
github.com/zhulik/go_torrent_bot/torrent_responder.go:191.16,193.3 1 0
github.com/zhulik/go_torrent_bot/torrents_repository.go:13.85,15.2 1 0
github.com/zhulik/go_torrent_bot/torrents_repository.go:17.73,19.2 1 0
github.com/zhulik/go_torrent_bot/torrents_repository.go:21.74,24.2 2 0
github.com/zhulik/go_torrent_bot/torrents_repository.go:26.73,28.2 1 0
github.com/zhulik/go_torrent_bot/torrents_repository.go:30.60,32.2 1 0
github.com/zhulik/go_torrent_bot/torrents_repository.go:34.64,36.2 1 0
